2023-05-18 15:30:57.687192 [NOTICE] [Context.cc:310] Downloading 8 item(s)
2023-05-18 15:30:58.212050 [NOTICE] [HttpResponse.cc:168] CUID#7 - Redirecting to https://syr7xrk6ai.gofastcdn.pro/user1342/b30a768526d92477e1c20a83669580ae/EP.3.v1.1639270430.1080p.mp4?token=ORtZyiP_c_hvnEYPbnOR2w&expires=1684427001&id=26795
2023-05-18 15:30:59.677175 [NOTICE] [HttpResponse.cc:168] CUID#8 - Redirecting to https://syr7xrk6ai.gofastcdn.pro/user1342/b30a768526d92477e1c20a83669580ae/EP.3.v1.1639270430.1080p.mp4?token=ORtZyiP_c_hvnEYPbnOR2w&expires=1684427001&id=26795
2023-05-18 15:30:59.911259 [NOTICE] [HttpResponse.cc:168] CUID#9 - Redirecting to https://syr7xrk6ai.gofastcdn.pro/user1342/b30a768526d92477e1c20a83669580ae/EP.3.v1.1639270430.1080p.mp4?token=ORtZyiP_c_hvnEYPbnOR2w&expires=1684427001&id=26795
2023-05-18 15:30:59.930512 [NOTICE] [HttpResponse.cc:168] CUID#10 - Redirecting to https://syr7xrk6ai.gofastcdn.pro/user1342/b30a768526d92477e1c20a83669580ae/EP.3.v1.1639270430.1080p.mp4?token=ORtZyiP_c_hvnEYPbnOR2w&expires=1684427001&id=26795
2023-05-18 15:36:25.497439 [NOTICE] [RequestGroup.cc:1214] Download complete: /home/eric/Anime/Anime-Downloads/EP.3.v1.1639270430.1080p.mp4
2023-05-18 15:36:25.956873 [NOTICE] [HttpResponse.cc:168] CUID#11 - Redirecting to https://lp5a0565b6.gofastcdn.pro/user1342/b30a768526d92477e1c20a83669580ae/EP.4.v1.1639298890.1080p.mp4?token=nXjCK62E17zwc_wgCxpXZA&expires=1684427409&id=26798
2023-05-18 15:36:27.347960 [NOTICE] [HttpResponse.cc:168] CUID#12 - Redirecting to https://lp5a0565b6.gofastcdn.pro/user1342/b30a768526d92477e1c20a83669580ae/EP.4.v1.1639298890.1080p.mp4?token=nXjCK62E17zwc_wgCxpXZA&expires=1684427409&id=26798
2023-05-18 15:36:27.593401 [NOTICE] [HttpResponse.cc:168] CUID#13 - Redirecting to https://lp5a0565b6.gofastcdn.pro/user1342/b30a768526d92477e1c20a83669580ae/EP.4.v1.1639298890.1080p.mp4?token=nXjCK62E17zwc_wgCxpXZA&expires=1684427409&id=26798
2023-05-18 15:36:27.618479 [NOTICE] [HttpResponse.cc:168] CUID#14 - Redirecting to https://lp5a0565b6.gofastcdn.pro/user1342/b30a768526d92477e1c20a83669580ae/EP.4.v1.1639298890.1080p.mp4?token=nXjCK62E17zwc_wgCxpXZA&expires=1684427409&id=26798
2023-05-18 15:40:40.141864 [NOTICE] [RequestGroup.cc:1214] Download complete: /home/eric/Anime/Anime-Downloads/EP.4.v1.1639298890.1080p.mp4
2023-05-18 15:40:40.607541 [NOTICE] [HttpResponse.cc:168] CUID#15 - Redirecting to https://2u0snzizes.gofastcdn.pro/user1342/b30a768526d92477e1c20a83669580ae/EP.7.v1.1639318114.1080p.mp4?token=hz6Zm-lLR-OJ3hg1mcVtVg&expires=1684427425&id=26806
2023-05-18 15:40:42.114528 [NOTICE] [HttpResponse.cc:168] CUID#16 - Redirecting to https://2u0snzizes.gofastcdn.pro/user1342/b30a768526d92477e1c20a83669580ae/EP.7.v1.1639318114.1080p.mp4?token=hz6Zm-lLR-OJ3hg1mcVtVg&expires=1684427425&id=26806
2023-05-18 15:40:42.362463 [NOTICE] [HttpResponse.cc:168] CUID#18 - Redirecting to https://2u0snzizes.gofastcdn.pro/user1342/b30a768526d92477e1c20a83669580ae/EP.7.v1.1639318114.1080p.mp4?token=hz6Zm-lLR-OJ3hg1mcVtVg&expires=1684427425&id=26806
2023-05-18 15:40:42.425433 [NOTICE] [HttpResponse.cc:168] CUID#17 - Redirecting to https://2u0snzizes.gofastcdn.pro/user1342/b30a768526d92477e1c20a83669580ae/EP.7.v1.1639318114.1080p.mp4?token=hz6Zm-lLR-OJ3hg1mcVtVg&expires=1684427425&id=26806
2023-05-18 15:45:12.194047 [NOTICE] [RequestGroup.cc:1214] Download complete: /home/eric/Anime/Anime-Downloads/EP.7.v1.1639318114.1080p.mp4
2023-05-18 15:45:12.654427 [NOTICE] [HttpResponse.cc:168] CUID#19 - Redirecting to https://7uslfuwg63.gofastcdn.pro/user1342/b30a768526d92477e1c20a83669580ae/EP.10.v1.1639395270.1080p.mp4?token=tgTVWFL5bw-3IP2mohqquA&expires=1684427439&id=26813
2023-05-18 15:45:13.805131 [NOTICE] [HttpResponse.cc:168] CUID#20 - Redirecting to https://7uslfuwg63.gofastcdn.pro/user1342/b30a768526d92477e1c20a83669580ae/EP.10.v1.1639395270.1080p.mp4?token=tgTVWFL5bw-3IP2mohqquA&expires=1684427439&id=26813
2023-05-18 15:45:14.037987 [NOTICE] [HttpResponse.cc:168] CUID#21 - Redirecting to https://7uslfuwg63.gofastcdn.pro/user1342/b30a768526d92477e1c20a83669580ae/EP.10.v1.1639395270.1080p.mp4?token=tgTVWFL5bw-3IP2mohqquA&expires=1684427439&id=26813
2023-05-18 15:45:14.052812 [NOTICE] [HttpResponse.cc:168] CUID#22 - Redirecting to https://7uslfuwg63.gofastcdn.pro/user1342/b30a768526d92477e1c20a83669580ae/EP.10.v1.1639395270.1080p.mp4?token=tgTVWFL5bw-3IP2mohqquA&expires=1684427439&id=26813
2023-05-18 15:49:49.277585 [NOTICE] [RequestGroup.cc:1214] Download complete: /home/eric/Anime/Anime-Downloads/EP.10.v1.1639395270.1080p.mp4
2023-05-18 15:49:49.735605 [NOTICE] [HttpResponse.cc:168] CUID#23 - Redirecting to https://7uslfuwg63.gofastcdn.pro/user1342/b30a768526d92477e1c20a83669580ae/EP.16.v1.1639419010.1080p.mp4?token=pJzEhFr_urlBYDE3HAM9cg&expires=1684427457&id=26827
2023-05-18 15:49:50.586649 [NOTICE] [HttpResponse.cc:168] CUID#24 - Redirecting to https://7uslfuwg63.gofastcdn.pro/user1342/b30a768526d92477e1c20a83669580ae/EP.16.v1.1639419010.1080p.mp4?token=pJzEhFr_urlBYDE3HAM9cg&expires=1684427457&id=26827
2023-05-18 15:49:50.818602 [NOTICE] [HttpResponse.cc:168] CUID#26 - Redirecting to https://7uslfuwg63.gofastcdn.pro/user1342/b30a768526d92477e1c20a83669580ae/EP.16.v1.1639419010.1080p.mp4?token=pJzEhFr_urlBYDE3HAM9cg&expires=1684427457&id=26827
2023-05-18 15:49:50.841926 [NOTICE] [HttpResponse.cc:168] CUID#25 - Redirecting to https://7uslfuwg63.gofastcdn.pro/user1342/b30a768526d92477e1c20a83669580ae/EP.16.v1.1639419010.1080p.mp4?token=pJzEhFr_urlBYDE3HAM9cg&expires=1684427457&id=26827
2023-05-18 15:53:55.799574 [NOTICE] [RequestGroup.cc:1214] Download complete: /home/eric/Anime/Anime-Downloads/EP.16.v1.1639419010.1080p.mp4
2023-05-18 15:53:56.069774 [NOTICE] [HttpResponse.cc:168] CUID#27 - Redirecting to https://mwt8jekzq2.gofastcdn.pro/user1342/b30a768526d92477e1c20a83669580ae/EP.20.v1.1639381251.1080p.mp4?token=JD1JIKYqxzOH_ReZEUnX8w&expires=1684427471&id=26835
2023-05-18 15:53:57.423418 [NOTICE] [HttpResponse.cc:168] CUID#28 - Redirecting to https://mwt8jekzq2.gofastcdn.pro/user1342/b30a768526d92477e1c20a83669580ae/EP.20.v1.1639381251.1080p.mp4?token=JD1JIKYqxzOH_ReZEUnX8w&expires=1684427471&id=26835
2023-05-18 15:53:57.676900 [NOTICE] [HttpResponse.cc:168] CUID#30 - Redirecting to https://mwt8jekzq2.gofastcdn.pro/user1342/b30a768526d92477e1c20a83669580ae/EP.20.v1.1639381251.1080p.mp4?token=JD1JIKYqxzOH_ReZEUnX8w&expires=1684427471&id=26835
2023-05-18 15:53:57.677118 [NOTICE] [HttpResponse.cc:168] CUID#29 - Redirecting to https://mwt8jekzq2.gofastcdn.pro/user1342/b30a768526d92477e1c20a83669580ae/EP.20.v1.1639381251.1080p.mp4?token=JD1JIKYqxzOH_ReZEUnX8w&expires=1684427471&id=26835
2023-05-18 15:53:57.891355 [NOTICE] [HttpResponse.cc:168] CUID#29 - Redirecting to https://mwt8jekzq2.gofastcdn.pro/user1342/b30a768526d92477e1c20a83669580ae/EP.20.v1.1639381251.1080p.mp4?token=JD1JIKYqxzOH_ReZEUnX8w&expires=1684427471&id=26835
2023-05-18 15:59:29.030124 [NOTICE] [RequestGroup.cc:1214] Download complete: /home/eric/Anime/Anime-Downloads/EP.20.v1.1639381251.1080p.mp4
2023-05-18 15:59:29.496457 [NOTICE] [HttpResponse.cc:168] CUID#31 - Redirecting to https://qsguoblees.gofastcdn.pro/user1342/b30a768526d92477e1c20a83669580ae/EP.22.v1.1639429183.1080p.mp4?token=gkixwbl45_lWUEV_OeZnOQ&expires=1684427489&id=26838
2023-05-18 15:59:30.636589 [NOTICE] [HttpResponse.cc:168] CUID#32 - Redirecting to https://qsguoblees.gofastcdn.pro/user1342/b30a768526d92477e1c20a83669580ae/EP.22.v1.1639429183.1080p.mp4?token=gkixwbl45_lWUEV_OeZnOQ&expires=1684427489&id=26838
2023-05-18 15:59:30.882112 [NOTICE] [HttpResponse.cc:168] CUID#33 - Redirecting to https://qsguoblees.gofastcdn.pro/user1342/b30a768526d92477e1c20a83669580ae/EP.22.v1.1639429183.1080p.mp4?token=gkixwbl45_lWUEV_OeZnOQ&expires=1684427489&id=26838
2023-05-18 15:59:30.923984 [NOTICE] [HttpResponse.cc:168] CUID#34 - Redirecting to https://qsguoblees.gofastcdn.pro/user1342/b30a768526d92477e1c20a83669580ae/EP.22.v1.1639429183.1080p.mp4?token=gkixwbl45_lWUEV_OeZnOQ&expires=1684427489&id=26838
2023-05-18 16:05:32.409240 [NOTICE] [RequestGroup.cc:1214] Download complete: /home/eric/Anime/Anime-Downloads/EP.22.v1.1639429183.1080p.mp4
2023-05-18 16:05:32.673844 [NOTICE] [HttpResponse.cc:168] CUID#35 - Redirecting to https://7uslfuwg63.gofastcdn.pro/user1342/b30a768526d92477e1c20a83669580ae/EP.24.v1.1639485717.1080p.mp4?token=R_Nqh4M30KlVPUw1kIgTQA&expires=1684427507&id=26841
2023-05-18 16:05:33.788460 [NOTICE] [HttpResponse.cc:168] CUID#36 - Redirecting to https://7uslfuwg63.gofastcdn.pro/user1342/b30a768526d92477e1c20a83669580ae/EP.24.v1.1639485717.1080p.mp4?token=R_Nqh4M30KlVPUw1kIgTQA&expires=1684427507&id=26841
2023-05-18 16:05:33.848673 [NOTICE] [HttpResponse.cc:168] CUID#38 - Redirecting to https://7uslfuwg63.gofastcdn.pro/user1342/b30a768526d92477e1c20a83669580ae/EP.24.v1.1639485717.1080p.mp4?token=R_Nqh4M30KlVPUw1kIgTQA&expires=1684427507&id=26841
2023-05-18 16:05:34.063023 [NOTICE] [HttpResponse.cc:168] CUID#37 - Redirecting to https://7uslfuwg63.gofastcdn.pro/user1342/b30a768526d92477e1c20a83669580ae/EP.24.v1.1639485717.1080p.mp4?token=R_Nqh4M30KlVPUw1kIgTQA&expires=1684427507&id=26841
2023-05-18 16:09:20.994009 [NOTICE] [RequestGroup.cc:1214] Download complete: /home/eric/Anime/Anime-Downloads/EP.24.v1.1639485717.1080p.mp4
2023-05-18 18:23:11.785918 [NOTICE] [Context.cc:310] Downloading 1 item(s)
2023-05-18 18:48:20.233626 [NOTICE] [RequestGroup.cc:1214] Download complete: /home/eric/Anime/Anime-Downloads/code-geass-fukkatsu-no-lelouch-episode-1.mp4
2023-05-22 12:44:44.570618 [NOTICE] [Context.cc:310] Downloading 2 item(s)
2023-05-22 12:44:45.129110 [NOTICE] [HttpResponse.cc:168] CUID#7 - Redirecting to https://2u0snzizes.gofastcdn.pro/user1342/c51e2582bfdc63e03347a45c7dffbcc9/EP.6.v0.1684089618.1080p.mp4?token=h8uIu0-TADPEqODWS3gMHA&expires=1684763212&id=204506
2023-05-22 12:44:46.440970 [NOTICE] [HttpResponse.cc:168] CUID#8 - Redirecting to https://2u0snzizes.gofastcdn.pro/user1342/c51e2582bfdc63e03347a45c7dffbcc9/EP.6.v0.1684089618.1080p.mp4?token=h8uIu0-TADPEqODWS3gMHA&expires=1684763212&id=204506
2023-05-22 12:44:46.681063 [NOTICE] [HttpResponse.cc:168] CUID#10 - Redirecting to https://2u0snzizes.gofastcdn.pro/user1342/c51e2582bfdc63e03347a45c7dffbcc9/EP.6.v0.1684089618.1080p.mp4?token=h8uIu0-TADPEqODWS3gMHA&expires=1684763212&id=204506
2023-05-22 12:44:46.707766 [NOTICE] [HttpResponse.cc:168] CUID#9 - Redirecting to https://2u0snzizes.gofastcdn.pro/user1342/c51e2582bfdc63e03347a45c7dffbcc9/EP.6.v0.1684089618.1080p.mp4?token=h8uIu0-TADPEqODWS3gMHA&expires=1684763212&id=204506
2023-05-22 12:50:13.113070 [NOTICE] [RequestGroup.cc:1214] Download complete: /home/eric/Anime/Anime-Downloads/EP.6.v0.1684089618.1080p.mp4
2023-05-22 12:50:13.566025 [NOTICE] [HttpResponse.cc:168] CUID#11 - Redirecting to https://ga23vkvd2p.gofastcdn.pro/user1342/c51e2582bfdc63e03347a45c7dffbcc9/EP.7.v0.1684693809.1080p.mp4?token=CKiv852NGzZF50tvKKTtAw&expires=1684763174&id=204766
2023-05-22 12:50:16.668993 [NOTICE] [HttpResponse.cc:168] CUID#12 - Redirecting to https://ga23vkvd2p.gofastcdn.pro/user1342/c51e2582bfdc63e03347a45c7dffbcc9/EP.7.v0.1684693809.1080p.mp4?token=CKiv852NGzZF50tvKKTtAw&expires=1684763174&id=204766
2023-05-22 12:50:16.935721 [NOTICE] [HttpResponse.cc:168] CUID#13 - Redirecting to https://ga23vkvd2p.gofastcdn.pro/user1342/c51e2582bfdc63e03347a45c7dffbcc9/EP.7.v0.1684693809.1080p.mp4?token=CKiv852NGzZF50tvKKTtAw&expires=1684763174&id=204766
2023-05-22 12:50:16.969817 [NOTICE] [HttpResponse.cc:168] CUID#14 - Redirecting to https://ga23vkvd2p.gofastcdn.pro/user1342/c51e2582bfdc63e03347a45c7dffbcc9/EP.7.v0.1684693809.1080p.mp4?token=CKiv852NGzZF50tvKKTtAw&expires=1684763174&id=204766
2023-05-22 13:21:54.391013 [NOTICE] [RequestGroup.cc:1214] Download complete: /home/eric/Anime/Anime-Downloads/EP.7.v0.1684693809.1080p.mp4
2023-05-27 16:32:49.675703 [NOTICE] [Context.cc:310] Downloading 1 item(s)
2023-05-27 16:32:50.968254 [ERROR] [AbstractCommand.cc:349] CUID#9 - Download aborted. URI=https://www96.uptobox.com/dl/LZwhZ_1kTq1YTMqxKnmOC6unaGuSzwJ8DQBrLN-C7E14REXK7Tci0tA7W7E1Dg1kefZpYMUwjA-nZpEY4iSi4YFCTwdpgAE8n4ELTZjGjOiA1hzF6vx1uTm9j7WEpwZ-/Sisu.2022.1080p.WEB-HD.x264.6CH-Pahe.in.mkv
Exception: [AbstractCommand.cc:351] errorCode=22 URI=https://www96.uptobox.com/dl/LZwhZ_1kTq1YTMqxKnmOC6unaGuSzwJ8DQBrLN-C7E14REXK7Tci0tA7W7E1Dg1kefZpYMUwjA-nZpEY4iSi4YFCTwdpgAE8n4ELTZjGjOiA1hzF6vx1uTm9j7WEpwZ-/Sisu.2022.1080p.WEB-HD.x264.6CH-Pahe.in.mkv
  -> [HttpSkipResponseCommand.cc:239] errorCode=22 The response status is not successful. status=429
2023-05-27 16:32:50.977901 [ERROR] [AbstractCommand.cc:349] CUID#8 - Download aborted. URI=https://www96.uptobox.com/dl/LZwhZ_1kTq1YTMqxKnmOC6unaGuSzwJ8DQBrLN-C7E14REXK7Tci0tA7W7E1Dg1kefZpYMUwjA-nZpEY4iSi4YFCTwdpgAE8n4ELTZjGjOiA1hzF6vx1uTm9j7WEpwZ-/Sisu.2022.1080p.WEB-HD.x264.6CH-Pahe.in.mkv
Exception: [AbstractCommand.cc:351] errorCode=22 URI=https://www96.uptobox.com/dl/LZwhZ_1kTq1YTMqxKnmOC6unaGuSzwJ8DQBrLN-C7E14REXK7Tci0tA7W7E1Dg1kefZpYMUwjA-nZpEY4iSi4YFCTwdpgAE8n4ELTZjGjOiA1hzF6vx1uTm9j7WEpwZ-/Sisu.2022.1080p.WEB-HD.x264.6CH-Pahe.in.mkv
  -> [HttpSkipResponseCommand.cc:239] errorCode=22 The response status is not successful. status=429
2023-05-27 16:32:50.987034 [ERROR] [AbstractCommand.cc:349] CUID#10 - Download aborted. URI=https://www96.uptobox.com/dl/LZwhZ_1kTq1YTMqxKnmOC6unaGuSzwJ8DQBrLN-C7E14REXK7Tci0tA7W7E1Dg1kefZpYMUwjA-nZpEY4iSi4YFCTwdpgAE8n4ELTZjGjOiA1hzF6vx1uTm9j7WEpwZ-/Sisu.2022.1080p.WEB-HD.x264.6CH-Pahe.in.mkv
Exception: [AbstractCommand.cc:351] errorCode=22 URI=https://www96.uptobox.com/dl/LZwhZ_1kTq1YTMqxKnmOC6unaGuSzwJ8DQBrLN-C7E14REXK7Tci0tA7W7E1Dg1kefZpYMUwjA-nZpEY4iSi4YFCTwdpgAE8n4ELTZjGjOiA1hzF6vx1uTm9j7WEpwZ-/Sisu.2022.1080p.WEB-HD.x264.6CH-Pahe.in.mkv
  -> [HttpSkipResponseCommand.cc:239] errorCode=22 The response status is not successful. status=429
2023-05-27 17:05:27.808355 [NOTICE] [RequestGroup.cc:1214] Download complete: /home/eric/Anime/Anime-Downloads/Sisu.2022.1080p.WEB-HD.x264.6CH-Pahe.in.mkv
2023-05-29 17:37:32.450593 [NOTICE] [Context.cc:310] Downloading 3 item(s)
2023-05-29 17:37:33.080511 [NOTICE] [HttpResponse.cc:168] CUID#7 - Redirecting to https://f8zzbhn7pu.be059cfe615f6.com/user1342/c51e2582bfdc63e03347a45c7dffbcc9/EP.8.v0.1685298322.1080p.mp4?token=S64PAaFuY5OH5tkGVulF6A&expires=1685384967&id=205090
2023-05-29 17:37:35.698761 [NOTICE] [HttpResponse.cc:168] CUID#8 - Redirecting to https://f8zzbhn7pu.be059cfe615f6.com/user1342/c51e2582bfdc63e03347a45c7dffbcc9/EP.8.v0.1685298322.1080p.mp4?token=S64PAaFuY5OH5tkGVulF6A&expires=1685384967&id=205090
2023-05-29 17:37:36.011508 [NOTICE] [HttpResponse.cc:168] CUID#9 - Redirecting to https://f8zzbhn7pu.be059cfe615f6.com/user1342/c51e2582bfdc63e03347a45c7dffbcc9/EP.8.v0.1685298322.1080p.mp4?token=S64PAaFuY5OH5tkGVulF6A&expires=1685384967&id=205090
2023-05-29 17:37:36.039552 [NOTICE] [HttpResponse.cc:168] CUID#10 - Redirecting to https://f8zzbhn7pu.be059cfe615f6.com/user1342/c51e2582bfdc63e03347a45c7dffbcc9/EP.8.v0.1685298322.1080p.mp4?token=S64PAaFuY5OH5tkGVulF6A&expires=1685384967&id=205090
2023-05-29 17:53:03.538840 [NOTICE] [DownloadEngine.cc:255] Shutdown sequence commencing... Press Ctrl-C again for emergency shutdown.
2023-05-29 17:53:03.567461 [NOTICE] [RequestGroupMan.cc:424] Download GID#10f58dfa69cdb100 not complete: /home/eric/Anime/Anime-Downloads/EP.8.v0.1685298322.1080p.mp4
2023-05-29 17:53:22.312122 [NOTICE] [Context.cc:310] Downloading 3 item(s)
2023-05-29 17:53:22.925988 [NOTICE] [HttpResponse.cc:168] CUID#7 - Redirecting to https://f8zzbhn7pu.be059cfe615f6.com/user1342/c51e2582bfdc63e03347a45c7dffbcc9/EP.8.v0.1685298322.1080p.mp4?token=S64PAaFuY5OH5tkGVulF6A&expires=1685384967&id=205090
2023-05-29 17:53:25.105521 [NOTICE] [HttpResponse.cc:168] CUID#9 - Redirecting to https://f8zzbhn7pu.be059cfe615f6.com/user1342/c51e2582bfdc63e03347a45c7dffbcc9/EP.8.v0.1685298322.1080p.mp4?token=S64PAaFuY5OH5tkGVulF6A&expires=1685384967&id=205090
2023-05-29 17:53:25.413424 [NOTICE] [HttpResponse.cc:168] CUID#10 - Redirecting to https://f8zzbhn7pu.be059cfe615f6.com/user1342/c51e2582bfdc63e03347a45c7dffbcc9/EP.8.v0.1685298322.1080p.mp4?token=S64PAaFuY5OH5tkGVulF6A&expires=1685384967&id=205090
2023-05-29 17:53:25.446074 [NOTICE] [HttpResponse.cc:168] CUID#11 - Redirecting to https://f8zzbhn7pu.be059cfe615f6.com/user1342/c51e2582bfdc63e03347a45c7dffbcc9/EP.8.v0.1685298322.1080p.mp4?token=S64PAaFuY5OH5tkGVulF6A&expires=1685384967&id=205090
2023-05-29 18:36:11.489707 [NOTICE] [DownloadEngine.cc:255] Shutdown sequence commencing... Press Ctrl-C again for emergency shutdown.
2023-05-29 18:36:11.528348 [NOTICE] [RequestGroupMan.cc:424] Download GID#17fc5bd0456e156c not complete: /home/eric/Anime/Anime-Downloads/EP.8.v0.1685298322.1080p.mp4
2023-05-29 18:51:49.641064 [NOTICE] [Context.cc:310] Downloading 3 item(s)
2023-05-29 19:20:03.304263 [NOTICE] [RequestGroup.cc:1214] Download complete: /home/eric/Anime/Anime-Downloads/kimetsu-no-yaiba-katanakaji-no-sato-hen-episode-81685296321.0.mp4
2023-05-29 19:34:12.816084 [NOTICE] [RequestGroup.cc:1214] Download complete: /home/eric/Anime/Anime-Downloads/vinland-saga-season-2-episode-191684169041.0.mp4
2023-05-29 19:40:51.881316 [NOTICE] [RequestGroup.cc:1214] Download complete: /home/eric/Anime/Anime-Downloads/vinland-saga-season-2-episode-201684773901.0.mp4
